Determining if the pthread_create exist failed with the following output:
Change Dir: /home/wsn/HKU_UAV_Project/guidancemap/build/CMakeFiles/CMakeTmp

Run Build Command:"/usr/bin/make" "cmTC_e9d9c/fast"
/usr/bin/make -f CMakeFiles/cmTC_e9d9c.dir/build.make CMakeFiles/cmTC_e9d9c.dir/build
make[1]: Entering directory '/home/wsn/HKU_UAV_Project/guidancemap/build/CMakeFiles/CMakeTmp'
Building C object CMakeFiles/cmTC_e9d9c.dir/CheckSymbolExists.c.o
/usr/bin/cc     -o CMakeFiles/cmTC_e9d9c.dir/CheckSymbolExists.c.o   -c /home/wsn/HKU_UAV_Project/guidancemap/build/CMakeFiles/CMakeTmp/CheckSymbolExists.c
Linking C executable cmTC_e9d9c
/usr/bin/cmake -E cmake_link_script CMakeFiles/cmTC_e9d9c.dir/link.txt --verbose=1
/usr/bin/cc       CMakeFiles/cmTC_e9d9c.dir/CheckSymbolExists.c.o  -o cmTC_e9d9c -rdynamic 
CMakeFiles/cmTC_e9d9c.dir/CheckSymbolExists.c.o: In function `main':
CheckSymbolExists.c:(.text+0xa): undefined reference to `pthread_create'
collect2: error: ld returned 1 exit status
CMakeFiles/cmTC_e9d9c.dir/build.make:97: recipe for target 'cmTC_e9d9c' failed
make[1]: *** [cmTC_e9d9c] Error 1
make[1]: Leaving directory '/home/wsn/HKU_UAV_Project/guidancemap/build/CMakeFiles/CMakeTmp'
Makefile:126: recipe for target 'cmTC_e9d9c/fast' failed
make: *** [cmTC_e9d9c/fast] Error 2

File /home/wsn/HKU_UAV_Project/guidancemap/build/CMakeFiles/CMakeTmp/CheckSymbolExists.c:
/* */
#include <pthread.h>

int main(int argc, char** argv)
{
  (void)argv;
#ifndef pthread_create
  return ((int*)(&pthread_create))[argc];
#else
  (void)argc;
  return 0;
#endif
}

Determining if the function pthread_create exists in the pthreads failed with the following output:
Change Dir: /home/wsn/HKU_UAV_Project/guidancemap/build/CMakeFiles/CMakeTmp

Run Build Command:"/usr/bin/make" "cmTC_cf374/fast"
/usr/bin/make -f CMakeFiles/cmTC_cf374.dir/build.make CMakeFiles/cmTC_cf374.dir/build
make[1]: Entering directory '/home/wsn/HKU_UAV_Project/guidancemap/build/CMakeFiles/CMakeTmp'
Building C object CMakeFiles/cmTC_cf374.dir/CheckFunctionExists.c.o
/usr/bin/cc    -DCHECK_FUNCTION_EXISTS=pthread_create   -o CMakeFiles/cmTC_cf374.dir/CheckFunctionExists.c.o   -c /usr/share/cmake-3.5/Modules/CheckFunctionExists.c
Linking C executable cmTC_cf374
/usr/bin/cmake -E cmake_link_script CMakeFiles/cmTC_cf374.dir/link.txt --verbose=1
/usr/bin/cc   -DCHECK_FUNCTION_EXISTS=pthread_create    CMakeFiles/cmTC_cf374.dir/CheckFunctionExists.c.o  -o cmTC_cf374 -rdynamic -lpthreads 
/usr/bin/ld: cannot find -lpthreads
collect2: error: ld returned 1 exit status
CMakeFiles/cmTC_cf374.dir/build.make:97: recipe for target 'cmTC_cf374' failed
make[1]: *** [cmTC_cf374] Error 1
make[1]: Leaving directory '/home/wsn/HKU_UAV_Project/guidancemap/build/CMakeFiles/CMakeTmp'
Makefile:126: recipe for target 'cmTC_cf374/fast' failed
make: *** [cmTC_cf374/fast] Error 2


