Determining if the pthread_create exist failed with the following output:
Change Dir: /home/wsn/catkin_ws/build/CMakeFiles/CMakeTmp

Run Build Command:"/usr/bin/make" "cmTC_04243/fast"
/usr/bin/make -f CMakeFiles/cmTC_04243.dir/build.make CMakeFiles/cmTC_04243.dir/build
make[1]: Entering directory '/home/wsn/catkin_ws/build/CMakeFiles/CMakeTmp'
Building C object CMakeFiles/cmTC_04243.dir/CheckSymbolExists.c.o
/usr/bin/cc     -o CMakeFiles/cmTC_04243.dir/CheckSymbolExists.c.o   -c /home/wsn/catkin_ws/build/CMakeFiles/CMakeTmp/CheckSymbolExists.c
Linking C executable cmTC_04243
/usr/bin/cmake -E cmake_link_script CMakeFiles/cmTC_04243.dir/link.txt --verbose=1
/usr/bin/cc       CMakeFiles/cmTC_04243.dir/CheckSymbolExists.c.o  -o cmTC_04243 -rdynamic 
CMakeFiles/cmTC_04243.dir/CheckSymbolExists.c.o: In function `main':
CheckSymbolExists.c:(.text+0xa): undefined reference to `pthread_create'
collect2: error: ld returned 1 exit status
CMakeFiles/cmTC_04243.dir/build.make:97: recipe for target 'cmTC_04243' failed
make[1]: *** [cmTC_04243] Error 1
make[1]: Leaving directory '/home/wsn/catkin_ws/build/CMakeFiles/CMakeTmp'
Makefile:126: recipe for target 'cmTC_04243/fast' failed
make: *** [cmTC_04243/fast] Error 2

File /home/wsn/catkin_ws/build/CMakeFiles/CMakeTmp/CheckSymbolExists.c:
/* */
#include <pthread.h>

int main(int argc, char** argv)
{
  (void)argv;
#ifndef pthread_create
  return ((int*)(&pthread_create))[argc];
#else
  (void)argc;
  return 0;
#endif
}

Determining if the function pthread_create exists in the pthreads failed with the following output:
Change Dir: /home/wsn/catkin_ws/build/CMakeFiles/CMakeTmp

Run Build Command:"/usr/bin/make" "cmTC_98c7e/fast"
/usr/bin/make -f CMakeFiles/cmTC_98c7e.dir/build.make CMakeFiles/cmTC_98c7e.dir/build
make[1]: Entering directory '/home/wsn/catkin_ws/build/CMakeFiles/CMakeTmp'
Building C object CMakeFiles/cmTC_98c7e.dir/CheckFunctionExists.c.o
/usr/bin/cc    -DCHECK_FUNCTION_EXISTS=pthread_create   -o CMakeFiles/cmTC_98c7e.dir/CheckFunctionExists.c.o   -c /usr/share/cmake-3.5/Modules/CheckFunctionExists.c
Linking C executable cmTC_98c7e
/usr/bin/cmake -E cmake_link_script CMakeFiles/cmTC_98c7e.dir/link.txt --verbose=1
/usr/bin/cc   -DCHECK_FUNCTION_EXISTS=pthread_create    CMakeFiles/cmTC_98c7e.dir/CheckFunctionExists.c.o  -o cmTC_98c7e -rdynamic -lpthreads 
/usr/bin/ld: cannot find -lpthreads
collect2: error: ld returned 1 exit status
CMakeFiles/cmTC_98c7e.dir/build.make:97: recipe for target 'cmTC_98c7e' failed
make[1]: *** [cmTC_98c7e] Error 1
make[1]: Leaving directory '/home/wsn/catkin_ws/build/CMakeFiles/CMakeTmp'
Makefile:126: recipe for target 'cmTC_98c7e/fast' failed
make: *** [cmTC_98c7e/fast] Error 2


