Determining if the pthread_create exist failed with the following output:
Change Dir: /home/wsn/HKU_UAV_Project/guidancemap/build/CMakeFiles/CMakeTmp

Run Build Command:"/usr/bin/make" "cmTC_b63da/fast"
/usr/bin/make -f CMakeFiles/cmTC_b63da.dir/build.make CMakeFiles/cmTC_b63da.dir/build
make[1]: Entering directory '/home/wsn/HKU_UAV_Project/guidancemap/build/CMakeFiles/CMakeTmp'
Building C object CMakeFiles/cmTC_b63da.dir/CheckSymbolExists.c.o
/usr/bin/cc     -o CMakeFiles/cmTC_b63da.dir/CheckSymbolExists.c.o   -c /home/wsn/HKU_UAV_Project/guidancemap/build/CMakeFiles/CMakeTmp/CheckSymbolExists.c
Linking C executable cmTC_b63da
/usr/bin/cmake -E cmake_link_script CMakeFiles/cmTC_b63da.dir/link.txt --verbose=1
/usr/bin/cc       CMakeFiles/cmTC_b63da.dir/CheckSymbolExists.c.o  -o cmTC_b63da -rdynamic 
CMakeFiles/cmTC_b63da.dir/CheckSymbolExists.c.o: In function `main':
CheckSymbolExists.c:(.text+0xa): undefined reference to `pthread_create'
collect2: error: ld returned 1 exit status
CMakeFiles/cmTC_b63da.dir/build.make:97: recipe for target 'cmTC_b63da' failed
make[1]: *** [cmTC_b63da] Error 1
make[1]: Leaving directory '/home/wsn/HKU_UAV_Project/guidancemap/build/CMakeFiles/CMakeTmp'
Makefile:126: recipe for target 'cmTC_b63da/fast' failed
make: *** [cmTC_b63da/fast] Error 2

File /home/wsn/HKU_UAV_Project/guidancemap/build/CMakeFiles/CMakeTmp/CheckSymbolExists.c:
/* */
#include <pthread.h>

int main(int argc, char** argv)
{
  (void)argv;
#ifndef pthread_create
  return ((int*)(&pthread_create))[argc];
#else
  (void)argc;
  return 0;
#endif
}

Determining if the function pthread_create exists in the pthreads failed with the following output:
Change Dir: /home/wsn/HKU_UAV_Project/guidancemap/build/CMakeFiles/CMakeTmp

Run Build Command:"/usr/bin/make" "cmTC_3d11d/fast"
/usr/bin/make -f CMakeFiles/cmTC_3d11d.dir/build.make CMakeFiles/cmTC_3d11d.dir/build
make[1]: Entering directory '/home/wsn/HKU_UAV_Project/guidancemap/build/CMakeFiles/CMakeTmp'
Building C object CMakeFiles/cmTC_3d11d.dir/CheckFunctionExists.c.o
/usr/bin/cc    -DCHECK_FUNCTION_EXISTS=pthread_create   -o CMakeFiles/cmTC_3d11d.dir/CheckFunctionExists.c.o   -c /usr/share/cmake-3.5/Modules/CheckFunctionExists.c
Linking C executable cmTC_3d11d
/usr/bin/cmake -E cmake_link_script CMakeFiles/cmTC_3d11d.dir/link.txt --verbose=1
/usr/bin/cc   -DCHECK_FUNCTION_EXISTS=pthread_create    CMakeFiles/cmTC_3d11d.dir/CheckFunctionExists.c.o  -o cmTC_3d11d -rdynamic -lpthreads 
/usr/bin/ld: cannot find -lpthreads
collect2: error: ld returned 1 exit status
CMakeFiles/cmTC_3d11d.dir/build.make:97: recipe for target 'cmTC_3d11d' failed
make[1]: *** [cmTC_3d11d] Error 1
make[1]: Leaving directory '/home/wsn/HKU_UAV_Project/guidancemap/build/CMakeFiles/CMakeTmp'
Makefile:126: recipe for target 'cmTC_3d11d/fast' failed
make: *** [cmTC_3d11d/fast] Error 2


